<?xml version="1.0" encoding="UTF-8"?>
<testsuite name="ejercicio2.CucumberTest" tests="0" skipped="0" failures="0" errors="0" timestamp="1970-01-01T00:00:00" hostname="MacBook-MacBook-Pro-de-Ricard.local" time="0.0">
  <properties/>
  <system-out><![CDATA[11:23:04.227 [Test worker] DEBUG net.thucydides.core.util.PropertiesFileLocalPreferences - webdriver.autodownload=true
11:23:04.231 [Test worker] DEBUG net.thucydides.core.util.PropertiesFileLocalPreferences - headless.mode=false
11:23:04.231 [Test worker] DEBUG net.thucydides.core.util.PropertiesFileLocalPreferences - webdriver.driver=chrome
11:23:04.231 [Test worker] DEBUG net.thucydides.core.util.PropertiesFileLocalPreferences - chrome.switches=--start-maximized;--test-type;--no-sandbox;--ignore-certificate-errors;\n                   --disable-popup-blocking;--disable-default-apps;--disable-extensions-file-access-check;\n                   --incognito;--disable-infobars,--disable-gpu
11:23:04.232 [Test worker] DEBUG net.thucydides.core.util.PropertiesFileLocalPreferences - serenity.take.screenshots=FOR_FAILURES
11:23:04.562 [Test worker] INFO io.cucumber.core.plugin.SerenityReporter - Running feature from file:///Users/ricardtorrents/Documents/Master/testing/mdas-practica3-fproves/practica3-fproves-2/src/test/resources/features/ejercicio2/search.feature
11:23:04.808 [Test worker] DEBUG net.thucydides.core.util.PropertiesFileLocalPreferences - webdriver.autodownload=true
11:23:04.809 [Test worker] DEBUG net.thucydides.core.util.PropertiesFileLocalPreferences - headless.mode=false
11:23:04.809 [Test worker] DEBUG net.thucydides.core.util.PropertiesFileLocalPreferences - webdriver.driver=chrome
11:23:04.813 [Test worker] DEBUG net.thucydides.core.util.PropertiesFileLocalPreferences - chrome.switches=--start-maximized;--test-type;--no-sandbox;--ignore-certificate-errors;\n                   --disable-popup-blocking;--disable-default-apps;--disable-extensions-file-access-check;\n                   --incognito;--disable-infobars,--disable-gpu
11:23:04.821 [Test worker] DEBUG net.thucydides.core.util.PropertiesFileLocalPreferences - serenity.take.screenshots=FOR_FAILURES
11:23:04.828 [Test worker] INFO  - 

-------------------------------------------------------------------------------------
     _______. _______ .______       _______ .__   __.  __  .___________.____    ____ 
    /       ||   ____||   _  \     |   ____||  \ |  | |  | |           |\   \  /   / 
   |   (----`|  |__   |  |_)  |    |  |__   |   \|  | |  | `---|  |----` \   \/   /  
    \   \    |   __|  |      /     |   __|  |  . `  | |  |     |  |       \_    _/   
.----)   |   |  |____ |  |\  \----.|  |____ |  |\   | |  |     |  |         |  |     
|_______/    |_______|| _| `._____||_______||__| \__| |__|     |__|         |__|    
                                                                                     
 News and tutorials at http://www.serenity-bdd.info                                  
 Documentation at https://wakaleo.gitbooks.io/the-serenity-book/content/             
 Join the Serenity Community on Gitter: https://gitter.im/serenity-bdd/serenity-core 
 Serenity BDD Support and Training at http://serenity-bdd.info/#/trainingandsupport  
-------------------------------------------------------------------------------------

11:23:04.837 [Test worker] DEBUG net.thucydides.core.steps.StepEventBus - Test suite started for story net.thucydides.core.model.Story@7b00d742
11:23:04.848 [Test worker] INFO  - Test Suite Started: Main search

1 Scenarios (?[32m1 passed?[0m)
3 Steps (?[32m3 passed?[0m)
0m43,300s


11:23:47.897 [Test worker] DEBUG net.thucydides.core.reports.ReportService - Reporting formats: [JSON, HTML]
11:23:48.004 [Test worker] DEBUG net.thucydides.core.reports.ReportService - Reporting formats: [JSON, HTML]
11:23:48.107 [Test worker] DEBUG net.thucydides.core.reports.ReportService - Generating reports for 1 test outcomes using: net.thucydides.core.reports.json.JSONTestOutcomeReporter@73196eac
11:23:48.109 [pool-1-thread-1] DEBUG net.thucydides.core.reports.ReportService - Processing test outcome Main search:Initial search
11:23:48.109 [pool-1-thread-1] DEBUG net.thucydides.core.reports.ReportService - net.thucydides.core.reports.json.JSONTestOutcomeReporter@73196eac: Generating report for test outcome: Main search:Initial search
11:23:48.124 [pool-1-thread-1] DEBUG net.thucydides.core.reports.json.JSONTestOutcomeReporter - Generating JSON report for Initial search to file /Users/ricardtorrents/Documents/Master/testing/mdas-practica3-fproves/practica3-fproves-2/target/site/serenity/c715fc0e20fc4f1efa659899239d656bf87038d651a21520b24ee7bea278967f.json (using temp file /Users/ricardtorrents/Documents/Master/testing/mdas-practica3-fproves/practica3-fproves-2/target/site/serenity/c715fc0e20fc4f1efa659899239d656bf87038d651a21520b24ee7bea278967f.jsonf652bfd3-bc73-4670-b4c5-b417a2a2bd26)
11:23:48.171 [pool-1-thread-1] DEBUG net.thucydides.core.reports.ReportService - Processing test outcome Main search:Initial search done
11:23:48.172 [Test worker] DEBUG net.thucydides.core.reports.ReportService - Shutting down executor service
11:23:48.172 [Test worker] DEBUG net.thucydides.core.reports.ReportService - Reports generated in: 65 ms
11:23:48.172 [Test worker] DEBUG net.thucydides.core.reports.ReportService - Generating reports for 1 test outcomes using: net.thucydides.core.reports.html.HtmlAcceptanceTestReporter@47fd860f
11:23:48.172 [pool-2-thread-1] DEBUG net.thucydides.core.reports.ReportService - Processing test outcome Main search:Initial search
11:23:48.172 [pool-2-thread-1] DEBUG net.thucydides.core.reports.ReportService - net.thucydides.core.reports.html.HtmlAcceptanceTestReporter@47fd860f: Generating report for test outcome: Main search:Initial search
11:23:48.173 [pool-2-thread-1] DEBUG net.thucydides.core.reports.html.HtmlAcceptanceTestReporter - GENERATE TEST OUTCOME REPORT FOR Initial search in c715fc0e20fc4f1efa659899239d656bf87038d651a21520b24ee7bea278967f
11:23:48.205 [pool-2-thread-1] DEBUG net.thucydides.core.requirements.model.cucumber.CucumberParser - Added feature Main search
11:23:48.206 [pool-2-thread-1] DEBUG net.thucydides.core.requirements.RequirementsTagProvider -  found:[Requirement{name='Ejercicio2', type='capability' parent = 'null', cardNumber='null'}]
11:23:48.214 [pool-2-thread-1] DEBUG net.thucydides.core.requirements.BaseRequirementsService - Requirement found for test outcome Initial search-[]: Optional[Requirement{name='Main search', type='feature' parent = 'Ejercicio2', cardNumber='null'}]
11:23:48.217 [pool-2-thread-1] DEBUG net.thucydides.core.requirements.BaseRequirementsService - Requirement found for test outcome Initial search-[]: Optional[Requirement{name='Main search', type='feature' parent = 'Ejercicio2', cardNumber='null'}]
11:23:48.423 [pool-2-thread-1] DEBUG net.thucydides.core.reports.html.HtmlAcceptanceTestReporter - GENERATING HTML REPORT FOR Main search:Initial search in c715fc0e20fc4f1efa659899239d656bf87038d651a21520b24ee7bea278967f.html in directory /Users/ricardtorrents/Documents/Master/testing/mdas-practica3-fproves/practica3-fproves-2/target/site/serenity  
11:23:48.425 [pool-2-thread-1] DEBUG net.thucydides.core.reports.html.HtmlAcceptanceTestReporter - Generating report in c715fc0e20fc4f1efa659899239d656bf87038d651a21520b24ee7bea278967f.html
11:23:49.364 [pool-2-thread-1] DEBUG net.thucydides.core.reports.html.HtmlAcceptanceTestReporter - Generated report c715fc0e20fc4f1efa659899239d656bf87038d651a21520b24ee7bea278967f.html in 939 ms
11:23:49.364 [pool-2-thread-1] DEBUG net.thucydides.core.reports.ReportService - Processing test outcome Main search:Initial search done
11:23:49.364 [Test worker] DEBUG net.thucydides.core.reports.ReportService - Shutting down executor service
11:23:49.365 [Test worker] DEBUG net.thucydides.core.reports.ReportService - Reports generated in: 1193 ms
]]></system-out>
  <system-err><![CDATA[]]></system-err>
</testsuite>
